<?xml version="1.0" encoding="UTF-8"?>
<!-- Generated by org.testng.reporters.JUnitReportReporter -->
<testsuite hostname="WL304070" failures="0" tests="1" name="tests.TestsCases" time="0.005" errors="0" timestamp="2024-01-29T20:09:35 IST" skipped="0">
  <testcase classname="tests.TestsCases" name="SampleTest" time="0.005"/>
</testsuite> <!-- tests.TestsCases -->
